<?xml version="1.0" encoding="UTF-8"?>
<!-- Generated by org.testng.reporters.JUnitReportReporter -->
<testsuite hostname="DESKTOP-7J8M9JT" failures="0" tests="1" name="velan.velanRough" time="25.990" errors="0" timestamp="2023-08-04T18:53:00 IST" skipped="0">
  <testcase classname="velan.velanRough" name="f" time="25.990"/>
  <system-out/>
</testsuite> <!-- velan.velanRough -->
