<?xml version="1.0" encoding="UTF-8"?>
<!-- Generated by org.testng.reporters.JUnitReportReporter -->
<testsuite hostname="DESKTOP-7J8M9JT" failures="0" tests="9" name="velan.Velan4" time="43.649" errors="0" timestamp="2023-08-09T13:12:36 IST" skipped="0">
  <testcase classname="velan.Velan4" name="ExcelDatas" time="0.034"/>
  <system-out/>
  <testcase classname="velan.Velan4" name="Login" time="5.399"/>
  <system-out/>
  <testcase classname="velan.Velan4" name="AdmissionManageMent" time="2.066"/>
  <system-out/>
  <testcase classname="velan.Velan4" name="AdmissionEnq" time="2.137"/>
  <system-out/>
  <testcase classname="velan.Velan4" name="CreatAdmission" time="2.193"/>
  <system-out/>
  <testcase classname="velan.Velan4" name="StdInfo" time="15.992"/>
  <system-out/>
  <testcase classname="velan.Velan4" name="FamilyDetails" time="8.772"/>
  <system-out/>
  <testcase classname="velan.Velan4" name="Sibilings" time="6.992"/>
  <system-out/>
  <testcase classname="velan.Velan4" name="Declaration" time="0.064"/>
  <system-out/>
</testsuite> <!-- velan.Velan4 -->
