<?xml version="1.0" encoding="UTF-8"?>
<!-- Generated by org.testng.reporters.JUnitReportReporter -->
<testsuite hostname="DESKTOP-7J8M9JT" failures="0" tests="1" name="velan.velan3" time="33.150" errors="0" timestamp="2023-08-09T12:58:58 IST" skipped="0">
  <testcase classname="velan.velan3" name="f" time="33.150"/>
  <system-out/>
</testsuite> <!-- velan.velan3 -->
