<?xml version="1.0" encoding="UTF-8"?>
<!-- Generated by org.testng.reporters.JUnitReportReporter -->
<testsuite hostname="DESKTOP-7J8M9JT" failures="0" tests="1" name="velan.velan" time="34.664" errors="0" timestamp="2023-08-09T11:53:28 IST" skipped="0">
  <testcase classname="velan.velan" name="f" time="34.664"/>
  <system-out/>
</testsuite> <!-- velan.velan -->
